<?xml version="1.0" encoding="UTF-8"?>
<!-- Generated by org.testng.reporters.JUnitReportReporter -->
<testsuite hostname="NDI-LAP-138" failures="0" tests="1" name="testcases.LoginTestCase" time="14.436" errors="0" timestamp="2022-09-21T07:23:39 IST" skipped="0">
  <testcase classname="testcases.LoginTestCase" name="loginTest" time="14.436"/>
  <system-out/>
</testsuite> <!-- testcases.LoginTestCase -->
