<?xml version="1.0" encoding="UTF-8"?>
<!-- Generated by org.testng.reporters.JUnitReportReporter -->
<testsuite hostname="LAPTOP-7Q1JLJEE" failures="0" tests="1" name="testcases.locationTestCase" time="48.989" errors="0" timestamp="2022-09-28T23:16:57 IST" skipped="0">
  <testcase classname="testcases.locationTestCase" name="location" time="48.989"/>
  <system-out/>
</testsuite> <!-- testcases.locationTestCase -->
