<?xml version="1.0" encoding="UTF-8"?>
<!-- Generated by org.testng.reporters.JUnitReportReporter -->
<testsuite hostname="LAPTOP-7Q1JLJEE" failures="0" tests="2" name="testcases.EmployeeTestCase" time="22.236" errors="0" timestamp="2022-09-28T23:13:23 IST" skipped="0">
  <testcase classname="testcases.EmployeeTestCase" name="employee" time="21.509"/>
  <system-out/>
  <testcase classname="testcases.EmployeeTestCase" name="clearFiltersTest" time="0.727"/>
  <system-out/>
</testsuite> <!-- testcases.EmployeeTestCase -->
