<?xml version="1.0" encoding="UTF-8"?>
<!-- Generated by org.testng.reporters.JUnitReportReporter -->
<testsuite hostname="NDI-LAP-138" failures="0" tests="1" name="testcases.baseTest" time="0.043" errors="0" timestamp="2022-09-25T18:57:59 IST" skipped="0">
  <testcase classname="testcases.baseTest" name="verifyLogin" time="0.043"/>
  <system-out/>
</testsuite> <!-- testcases.baseTest -->
